<?xml version="1.0" encoding="UTF-8"?>
<!-- Generated by org.testng.reporters.JUnitReportReporter -->
<testsuite hostname="Saqib" failures="0" tests="1" name="tek.api.sqa.tests.SecurityTest" time="1.685" errors="0" timestamp="2023-05-24T17:28:44 PDT" skipped="0">
  <testcase classname="tek.api.sqa.tests.SecurityTest" name="testGenerateTokenValidUser" time="1.685"/>
  <system-out/>
</testsuite> <!-- tek.api.sqa.tests.SecurityTest -->
